superchart/build/intermediates/manifest_merge_blame_file/release/processReleaseManifest/manifest-merger-blame-release-report.txt
1<?xml version="1.0" encoding="utf-8"?>
2<manifest xmlns:android="http://schemas.android.com/apk/res/android"
3    package="com.superchart" >
4
5    <uses-sdk android:minSdkVersion="24" />
6    <!-- Permissions for chart export -->
7    <uses-permission
7-->src/main/AndroidManifest.xml:4:5-5:38
8        android:name="android.permission.WRITE_EXTERNAL_STORAGE"
8-->src/main/AndroidManifest.xml:4:22-78
9        android:maxSdkVersion="28" />
9-->src/main/AndroidManifest.xml:5:9-35
10
11    <!-- Permission for notifications (Android 13+) -->
12    <uses-permission android:name="android.permission.POST_NOTIFICATIONS" />
12-->src/main/AndroidManifest.xml:8:5-77
12-->src/main/AndroidManifest.xml:8:22-74
13
14</manifest>